0 info it worked if it ends with ok
1 verbose cli [ '/usr/local/bin/node', '/usr/local/bin/npm', 'run', 'watch' ]
2 info using npm@3.3.6
3 info using node@v4.1.2
4 verbose run-script [ 'prewatch', 'watch', 'postwatch' ]
5 info lifecycle es6-starter@1.0.0~prewatch: es6-starter@1.0.0
6 silly lifecycle es6-starter@1.0.0~prewatch: no script for prewatch, continuing
7 info lifecycle es6-starter@1.0.0~watch: es6-starter@1.0.0
8 verbose lifecycle es6-starter@1.0.0~watch: unsafe-perm in lifecycle true
9 verbose lifecycle es6-starter@1.0.0~watch: PATH: /usr/local/lib/node_modules/npm/bin/node-gyp-bin:/Users/jwright/Dropbox/Public/_dev/learning/ES6-Starter/node_modules/.bin:node_modules/.bin:/usr/local/bin:/Users/jwright/.rvm/gems/ruby-2.2.1/bin:/Users/jwright/.rvm/gems/ruby-2.2.1@global/bin:/Users/jwright/.rvm/rubies/ruby-2.2.1/bin:/usr/local/bin:/usr/bin:/bin:/usr/sbin:/sbin:/Users/jwright/.rvm/bin
10 verbose lifecycle es6-starter@1.0.0~watch: CWD: /Users/jwright/Dropbox/Public/_dev/learning/ES6-Starter
11 silly lifecycle es6-starter@1.0.0~watch: Args: [ '-c',
11 silly lifecycle   'babel src --watch --out-dir dist/main.js --source-maps' ]
12 silly lifecycle es6-starter@1.0.0~watch: Returned: code: 1  signal: null
13 info lifecycle es6-starter@1.0.0~watch: Failed to exec watch script
14 verbose stack Error: es6-starter@1.0.0 watch: `babel src --watch --out-dir dist/main.js --source-maps`
14 verbose stack Exit status 1
14 verbose stack     at EventEmitter.<anonymous> (/usr/local/lib/node_modules/npm/lib/utils/lifecycle.js:233:16)
14 verbose stack     at emitTwo (events.js:87:13)
14 verbose stack     at EventEmitter.emit (events.js:172:7)
14 verbose stack     at ChildProcess.<anonymous> (/usr/local/lib/node_modules/npm/lib/utils/spawn.js:24:14)
14 verbose stack     at emitTwo (events.js:87:13)
14 verbose stack     at ChildProcess.emit (events.js:172:7)
14 verbose stack     at maybeClose (internal/child_process.js:818:16)
14 verbose stack     at Process.ChildProcess._handle.onexit (internal/child_process.js:211:5)
15 verbose pkgid es6-starter@1.0.0
16 verbose cwd /Users/jwright/Dropbox/Public/_dev/learning/ES6-Starter
17 error Darwin 14.4.0
18 error argv "/usr/local/bin/node" "/usr/local/bin/npm" "run" "watch"
19 error node v4.1.2
20 error npm  v3.3.6
21 error code ELIFECYCLE
22 error es6-starter@1.0.0 watch: `babel src --watch --out-dir dist/main.js --source-maps`
22 error Exit status 1
23 error Failed at the es6-starter@1.0.0 watch script 'babel src --watch --out-dir dist/main.js --source-maps'.
23 error This is most likely a problem with the es6-starter package,
23 error not with npm itself.
23 error Tell the author that this fails on your system:
23 error     babel src --watch --out-dir dist/main.js --source-maps
23 error You can get their info via:
23 error     npm owner ls es6-starter
23 error There is likely additional logging output above.
24 verbose exit [ 1, true ]
